  glad.c
  Camera.cpp
  ComputeShader.cpp
  CubeRobot.cpp
  Frustum.cpp
  GameTimer.cpp
  HeightMap.cpp
H:\Desktop\CSC8502 2021\nclgl\HeightMap.cpp(26,48): warning C4244:  'argument': conversion from 'int' to 'const float', possible loss of data
H:\Desktop\CSC8502 2021\nclgl\HeightMap.cpp(26,31): warning C4244:  'argument': conversion from 'int' to 'const float', possible loss of data
H:\Desktop\CSC8502 2021\nclgl\HeightMap.cpp(27,39): warning C4244:  'argument': conversion from 'int' to 'const float', possible loss of data
  Keyboard.cpp
  Light.cpp
  Matrix2.cpp
  Matrix3.cpp
  Matrix4.cpp
  Mesh.cpp
  MeshAnimation.cpp
  MeshMaterial.cpp
  Mouse.cpp
  OGLRenderer.cpp
  Plane.cpp
  Quaternion.cpp
  SceneNode.cpp
  Shader.cpp
  Generating Code...
  Compiling...
  Window.cpp
  Generating Code...
H:\Desktop\CSC8502 2021\nclgl\HeightMap.cpp(27,36): warning C4244:  'argument': conversion from 'int' to 'const float', possible loss of data
  nclgl.vcxproj -> H:\Desktop\CSC8502 2021\x64\Debug\nclgl.lib
